<?xml version="1.0" encoding="UTF-8"?>
<testsuite xmlns:xsi="http://www.w3.org/2001/XMLSchema-instance" xsi:noNamespaceSchemaLocation="https://maven.apache.org/surefire/maven-surefire-plugin/xsd/surefire-test-report.xsd" version="3.0.2" name="com.fullapp.FullRestApiSpringBootApplicationTests" time="20.396" tests="1" errors="0" skipped="0" failures="0">
  <properties>
[...]
</properties>
  <testcase name="contextLoads" classname="com.fullapp.FullRestApiSpringBootApplicationTests" time="1.19">
    <system-out><![CDATA[18:06:42.892 [main] INFO org.springframework.test.context.support.AnnotationConfigContextLoaderUtils -- Could not detect default configuration classes for test class [com.fullapp.FullRestApiSpringBootApplicationTests]: FullRestApiSpringBootApplicationTests does not declare any static, non-private, non-final, nested classes annotated with @Configuration.
18:06:43.166 [main] INFO org.springframework.boot.test.context.SpringBootTestContextBootstrapper -- Found @SpringBootConfiguration com.fullapp.FullRestApiSpringBootApplication for test class com.fullapp.FullRestApiSpringBootApplicationTests
18:06:43.717 [main] INFO org.springframework.boot.devtools.restart.RestartApplicationListener -- Restart disabled due to context in which it is running

  .   ____          _            __ _ _
 /\\ / ___'_ __ _ _(_)_ __  __ _ \ \ \ \
( ( )\___ | '_ | '_| | '_ \/ _` | \ \ \ \
 \\/  ___)| |_)| | | | | || (_| |  ) ) ) )
  '  |____| .__|_| |_|_| |_\__, | / / / /
 =========|_|==============|___/=/_/_/_/

 :: Spring Boot ::                (v3.5.8)

2025-12-19T18:06:44.581+05:30  INFO 11840 --- [full-rest-api-spring-boot] [           main] .f.FullRestApiSpringBootApplicationTests : Starting FullRestApiSpringBootApplicationTests using Java 17.0.7 with PID 11840 (started by Vinodh in D:\Spring\full-rest-api-spring-boot)
2025-12-19T18:06:44.586+05:30  INFO 11840 --- [full-rest-api-spring-boot] [           main] .f.FullRestApiSpringBootApplicationTests : No active profile set, falling back to 1 default profile: "default"
2025-12-19T18:06:48.674+05:30  INFO 11840 --- [full-rest-api-spring-boot] [           main] .s.d.r.c.RepositoryConfigurationDelegate : Bootstrapping Spring Data JPA repositories in DEFAULT mode.
2025-12-19T18:06:48.888+05:30  INFO 11840 --- [full-rest-api-spring-boot] [           main] .s.d.r.c.RepositoryConfigurationDelegate : Finished Spring Data repository scanning in 167 ms. Found 3 JPA repository interfaces.
2025-12-19T18:06:50.422+05:30  INFO 11840 --- [full-rest-api-spring-boot] [           main] o.hibernate.jpa.internal.util.LogHelper  : HHH000204: Processing PersistenceUnitInfo [name: default]
2025-12-19T18:06:50.569+05:30  INFO 11840 --- [full-rest-api-spring-boot] [           main] org.hibernate.Version                    : HHH000412: Hibernate ORM core version 6.6.36.Final
2025-12-19T18:06:50.706+05:30  INFO 11840 --- [full-rest-api-spring-boot] [           main] o.h.c.internal.RegionFactoryInitiator    : HHH000026: Second-level cache disabled
2025-12-19T18:06:51.615+05:30  INFO 11840 --- [full-rest-api-spring-boot] [           main] o.s.o.j.p.SpringPersistenceUnitInfo      : No LoadTimeWeaver setup: ignoring JPA class transformer
2025-12-19T18:06:51.731+05:30  INFO 11840 --- [full-rest-api-spring-boot] [           main] com.zaxxer.hikari.HikariDataSource       : HikariPool-1 - Starting...
2025-12-19T18:06:52.988+05:30  INFO 11840 --- [full-rest-api-spring-boot] [           main] com.zaxxer.hikari.pool.HikariPool        : HikariPool-1 - Added connection conn0: url=jdbc:h2:file:D:\h2db\springboot user=SA
2025-12-19T18:06:52.992+05:30  INFO 11840 --- [full-rest-api-spring-boot] [           main] com.zaxxer.hikari.HikariDataSource       : HikariPool-1 - Start completed.
2025-12-19T18:06:53.054+05:30  WARN 11840 --- [full-rest-api-spring-boot] [           main] org.hibernate.orm.deprecation            : HHH90000025: H2Dialect does not need to be specified explicitly using 'hibernate.dialect' (remove the property setting and it will be selected by default)
2025-12-19T18:06:53.120+05:30  INFO 11840 --- [full-rest-api-spring-boot] [           main] org.hibernate.orm.connections.pooling    : HHH10001005: Database info:
	Database JDBC URL [Connecting through datasource 'HikariDataSource (HikariPool-1)']
	Database driver: undefined/unknown
	Database version: 2.3.232
	Autocommit mode: undefined/unknown
	Isolation level: undefined/unknown
	Minimum pool size: undefined/unknown
	Maximum pool size: undefined/unknown
2025-12-19T18:06:54.932+05:30  INFO 11840 --- [full-rest-api-spring-boot] [           main] o.h.e.t.j.p.i.JtaPlatformInitiator       : HHH000489: No JTA platform available (set 'hibernate.transaction.jta.platform' to enable JTA platform integration)
2025-12-19T18:06:55.084+05:30  INFO 11840 --- [full-rest-api-spring-boot] [           main] j.LocalContainerEntityManagerFactoryBean : Initialized JPA EntityManagerFactory for persistence unit 'default'
2025-12-19T18:06:56.229+05:30  INFO 11840 --- [full-rest-api-spring-boot] [           main] eAuthenticationProviderManagerConfigurer : Global AuthenticationManager configured with AuthenticationProvider bean with name authenticationProvider
2025-12-19T18:06:56.230+05:30  WARN 11840 --- [full-rest-api-spring-boot] [           main] r$InitializeUserDetailsManagerConfigurer : Global AuthenticationManager configured with an AuthenticationProvider bean. UserDetailsService beans will not be used by Spring Security for automatically configuring username/password login. Consider removing the AuthenticationProvider bean. Alternatively, consider using the UserDetailsService in a manually instantiated DaoAuthenticationProvider. If the current configuration is intentional, to turn off this warning, increase the logging level of 'org.springframework.security.config.annotation.authentication.configuration.InitializeUserDetailsBeanManagerConfigurer' to ERROR
2025-12-19T18:06:56.394+05:30  INFO 11840 --- [full-rest-api-spring-boot] [           main] o.s.d.j.r.query.QueryEnhancerFactory     : Hibernate is in classpath; If applicable, HQL parser will be used.
2025-12-19T18:06:58.091+05:30  WARN 11840 --- [full-rest-api-spring-boot] [           main] JpaBaseConfiguration$JpaWebConfiguration : spring.jpa.open-in-view is enabled by default. Therefore, database queries may be performed during view rendering. Explicitly configure spring.jpa.open-in-view to disable this warning
2025-12-19T18:06:59.471+05:30  INFO 11840 --- [full-rest-api-spring-boot] [           main] o.s.b.a.e.web.EndpointLinksResolver      : Exposing 13 endpoints beneath base path '/actuator'
2025-12-19T18:07:01.087+05:30  INFO 11840 --- [full-rest-api-spring-boot] [           main] o.s.b.a.h2.H2ConsoleAutoConfiguration    : H2 console available at '/h2-console'. Database available at 'jdbc:h2:file:D:\h2db\springboot'
2025-12-19T18:07:01.443+05:30  INFO 11840 --- [full-rest-api-spring-boot] [           main] .f.FullRestApiSpringBootApplicationTests : Started FullRestApiSpringBootApplicationTests in 17.757 seconds (process running for 20.712)
]]></system-out>
  </testcase>
</testsuite>